TN:
SF:vitest.config.ts
FNF:0
FNH:0
DA:1,1
DA:2,1
DA:3,1
DA:4,1
DA:5,1
DA:6,1
DA:7,1
DA:8,1
DA:9,1
DA:10,1
DA:11,1
DA:12,1
DA:13,1
DA:14,1
DA:15,1
DA:16,1
DA:17,1
DA:18,1
DA:19,1
LF:19
LH:19
BRF:0
BRH:0
end_of_record
TN:
SF:services/geminiService.ts
FN:26,createPrompt
FN:74,get
FN:75,generateTerraformCode
FN:131,get
FNF:4
FNH:4
FNDA:12,createPrompt
FNDA:3,get
FNDA:11,generateTerraformCode
FNDA:11,get
DA:1,2
DA:2,2
DA:3,2
DA:4,2
DA:5,2
DA:6,2
DA:7,2
DA:8,2
DA:9,2
DA:10,2
DA:11,2
DA:12,2
DA:13,2
DA:14,2
DA:15,2
DA:16,2
DA:17,2
DA:18,2
DA:19,2
DA:20,2
DA:21,2
DA:22,2
DA:23,2
DA:24,2
DA:25,2
DA:26,2
DA:27,12
DA:28,12
DA:29,12
DA:30,12
DA:31,12
DA:32,12
DA:33,12
DA:34,12
DA:35,12
DA:36,1
DA:37,1
DA:38,12
DA:39,12
DA:40,12
DA:41,12
DA:42,12
DA:43,12
DA:44,12
DA:45,12
DA:46,12
DA:47,12
DA:48,12
DA:49,12
DA:50,12
DA:51,12
DA:52,12
DA:53,12
DA:54,12
DA:55,12
DA:56,12
DA:57,12
DA:58,12
DA:59,12
DA:60,12
DA:61,12
DA:62,12
DA:63,12
DA:64,12
DA:65,12
DA:66,12
DA:67,12
DA:68,12
DA:69,12
DA:70,12
DA:71,12
DA:72,12
DA:73,2
DA:74,2
DA:75,2
DA:76,11
DA:77,11
DA:78,11
DA:79,11
DA:80,2
DA:81,11
DA:82,9
DA:83,9
DA:84,9
DA:85,9
DA:86,9
DA:87,9
DA:88,9
DA:89,9
DA:90,9
DA:91,9
DA:92,9
DA:93,9
DA:94,9
DA:95,9
DA:96,9
DA:97,9
DA:98,9
DA:99,9
DA:100,9
DA:101,9
DA:102,9
DA:103,11
DA:104,6
DA:105,6
DA:106,11
DA:107,11
DA:108,11
DA:109,11
DA:110,11
DA:111,11
DA:112,11
DA:113,11
DA:114,11
DA:115,11
DA:116,11
DA:117,5
DA:118,5
DA:119,5
DA:120,5
DA:121,5
DA:122,5
DA:123,5
DA:124,5
DA:125,5
DA:126,5
DA:127,5
DA:128,2
DA:129,2
DA:130,2
DA:131,2
DA:132,2
DA:133,2
DA:134,2
DA:135,2
DA:136,2
DA:137,2
DA:138,2
DA:139,2
DA:140,2
LF:140
LH:140
BRDA:1,0,0,2
BRDA:1,1,0,2
BRDA:26,2,0,12
BRDA:31,3,0,10
BRDA:32,4,0,1
BRDA:33,5,0,10
BRDA:35,6,0,1
BRDA:38,7,0,10
BRDA:40,8,0,1
BRDA:40,9,0,1
BRDA:41,10,0,1
BRDA:42,11,0,1
BRDA:74,12,0,3
BRDA:75,13,0,11
BRDA:79,14,0,10
BRDA:79,15,0,2
BRDA:81,16,0,9
BRDA:103,17,0,6
BRDA:106,18,0,1
BRDA:111,19,0,2
BRDA:113,20,0,4
BRDA:113,21,0,4
BRDA:114,22,0,4
BRDA:116,23,0,5
BRDA:121,24,0,4
BRDA:122,25,0,1
BRDA:126,26,0,1
BRDA:127,27,0,1
BRDA:131,28,0,11
BRF:29
BRH:29
end_of_record
